pdfViewer/build/intermediates/manifest_merge_blame_file/debug/manifest-merger-blame-debug-report.txt
1<?xml version="1.0" encoding="utf-8"?>
2<manifest xmlns:android="http://schemas.android.com/apk/res/android"
3    package="com.rajat.pdfviewer" >
4
5    <uses-sdk
6        android:minSdkVersion="22"
6-->src\main\AndroidManifest.xml
7        android:targetSdkVersion="31" />
7-->src\main\AndroidManifest.xml
8
9    <!-- <uses-permission android:name="android.permission.WRITE_EXTERNAL_STORAGE" /> -->
10    <!-- <uses-permission android:name="android.permission.READ_EXTERNAL_STORAGE" /> -->
11    <!-- <uses-permission android:name="android.permission.INTERNET" /> -->
12    <!-- <uses-permission android:name="android.permission.ACCESS_MEDIA_LOCATION" /> -->
13    <!-- <uses-permission android:name="android.permission.ACCESS_NETWORK_STATE" /> -->
14    <!-- <uses-permission android:name="android.permission.READ_PHONE_STATE" /> -->
15    <application android:requestLegacyExternalStorage="true" >
15-->src\main\AndroidManifest.xml:12:5-16:19
15-->src\main\AndroidManifest.xml:12:18-61
16        <activity
16-->src\main\AndroidManifest.xml:13:9-15:66
17            android:name="com.rajat.pdfviewer.PdfViewerActivity"
17-->src\main\AndroidManifest.xml:14:13-46
18            android:theme="@style/Theme.PdfView.SelectedTheme" />
18-->src\main\AndroidManifest.xml:15:13-63
19    </application>
20
21</manifest>